# JRE version: OpenJDK Runtime Environment Temurin-21.0.10+7 (21.0.10+7) (build 21.0.10+7-LTS)
# Java VM: OpenJDK 64-Bit Server VM Temurin-21.0.10+7 (21.0.10+7-LTS, mixed mode, sharing, tiered, compressed oops, compressed class ptrs, parallel gc, windows-amd64)
GC Precious Log:
 CardTable entry size: 512
 CPUs: 16 total, 16 available
 Memory: 7971M
 Large Page Support: Disabled
 NUMA Support: Disabled
 Compressed Oops: Enabled (32-bit)
 Alignments: Space 512K, Generation 512K, Heap 2M
 Heap Min Capacity: 100M
 Heap Initial Capacity: 100M
 Heap Max Capacity: 2G
 Pre-touch: Disabled
 Parallel Workers: 13
Heap:
 PSYoungGen      total 13312K, used 917K [0x00000000d5580000, 0x00000000d6480000, 0x0000000100000000)
  eden space 11264K, 0% used [0x00000000d5580000,0x00000000d5580000,0x00000000d6080000)
  from space 2048K, 44% used [0x00000000d6080000,0x00000000d6165498,0x00000000d6280000)
  to   space 2048K, 0% used [0x00000000d6280000,0x00000000d6280000,0x00000000d6480000)
 ParOldGen       total 150528K, used 150346K [0x0000000080000000, 0x0000000089300000, 0x00000000d5580000)
  object space 150528K, 99% used [0x0000000080000000,0x00000000892d2a50,0x0000000089300000)
 Metaspace       used 69616K, committed 71232K, reserved 1114112K
  class space    used 7176K, committed 7872K, reserved 1048576K
GC Heap History (20 events):
Event: 12.536 GC heap after
{Heap after GC invocations=202 (full 3):
 PSYoungGen      total 15360K, used 1216K [0x00000000d5580000, 0x00000000d6680000, 0x0000000100000000)
  eden space 13824K, 0% used [0x00000000d5580000,0x00000000d5580000,0x00000000d6300000)
  from space 1536K, 79% used [0x00000000d6380000,0x00000000d64b0020,0x00000000d6500000)
  to   space 1536K, 0% used [0x00000000d6500000,0x00000000d6500000,0x00000000d6680000)
 ParOldGen       total 136192K, used 135855K [0x0000000080000000, 0x0000000088500000, 0x00000000d5580000)
  object space 136192K, 99% used [0x0000000080000000,0x00000000884abc60,0x0000000088500000)
 Metaspace       used 66495K, committed 68096K, reserved 1114112K
  class space    used 6938K, committed 7616K, reserved 1048576K
}
Event: 12.606 GC heap before
{Heap before GC invocations=203 (full 3):
 PSYoungGen      total 15360K, used 15031K [0x00000000d5580000, 0x00000000d6680000, 0x0000000100000000)
  eden space 13824K, 99% used [0x00000000d5580000,0x00000000d62fdf08,0x00000000d6300000)
  from space 1536K, 79% used [0x00000000d6380000,0x00000000d64b0020,0x00000000d6500000)
  to   space 1536K, 0% used [0x00000000d6500000,0x00000000d6500000,0x00000000d6680000)
 ParOldGen       total 136192K, used 135855K [0x0000000080000000, 0x0000000088500000, 0x00000000d5580000)
  object space 136192K, 99% used [0x0000000080000000,0x00000000884abc60,0x0000000088500000)
 Metaspace       used 67008K, committed 68544K, reserved 1114112K
  class space    used 6959K, committed 7616K, reserved 1048576K
}
Event: 13.609 GC heap after
{Heap after GC invocations=203 (full 3):
 PSYoungGen      total 13824K, used 1536K [0x00000000d5580000, 0x00000000d6a00000, 0x0000000100000000)
  eden space 12288K, 0% used [0x00000000d5580000,0x00000000d5580000,0x00000000d6180000)
  from space 1536K, 100% used [0x00000000d6500000,0x00000000d6680000,0x00000000d6680000)
  to   space 3584K, 0% used [0x00000000d6180000,0x00000000d6180000,0x00000000d6500000)
 ParOldGen       total 137728K, used 137418K [0x0000000080000000, 0x0000000088680000, 0x00000000d5580000)
  object space 137728K, 99% used [0x0000000080000000,0x0000000088632ae0,0x0000000088680000)
 Metaspace       used 67008K, committed 68544K, reserved 1114112K
  class space    used 6959K, committed 7616K, reserved 1048576K
}
Event: 13.645 GC heap before
{Heap before GC invocations=204 (full 3):
 PSYoungGen      total 13824K, used 13824K [0x00000000d5580000, 0x00000000d6a00000, 0x0000000100000000)
  eden space 12288K, 100% used [0x00000000d5580000,0x00000000d6180000,0x00000000d6180000)
  from space 1536K, 100% used [0x00000000d6500000,0x00000000d6680000,0x00000000d6680000)
  to   space 3584K, 0% used [0x00000000d6180000,0x00000000d6180000,0x00000000d6500000)
 ParOldGen       total 137728K, used 137418K [0x0000000080000000, 0x0000000088680000, 0x00000000d5580000)
  object space 137728K, 99% used [0x0000000080000000,0x0000000088632ae0,0x0000000088680000)
 Metaspace       used 67438K, committed 68992K, reserved 1114112K
  class space    used 7023K, committed 7680K, reserved 1048576K
}
Event: 13.647 GC heap after
{Heap after GC invocations=204 (full 3):
 PSYoungGen      total 14848K, used 2458K [0x00000000d5580000, 0x00000000d6780000, 0x0000000100000000)
  eden space 12288K, 0% used [0x00000000d5580000,0x00000000d5580000,0x00000000d6180000)
  from space 2560K, 96% used [0x00000000d6180000,0x00000000d63e6908,0x00000000d6400000)
  to   space 3072K, 0% used [0x00000000d6480000,0x00000000d6480000,0x00000000d6780000)
 ParOldGen       total 139264K, used 138810K [0x0000000080000000, 0x0000000088800000, 0x00000000d5580000)
  object space 139264K, 99% used [0x0000000080000000,0x000000008878e9f0,0x0000000088800000)
 Metaspace       used 67438K, committed 68992K, reserved 1114112K
  class space    used 7023K, committed 7680K, reserved 1048576K
}
Event: 13.673 GC heap before
{Heap before GC invocations=205 (full 3):
 PSYoungGen      total 14848K, used 14746K [0x00000000d5580000, 0x00000000d6780000, 0x0000000100000000)
  eden space 12288K, 100% used [0x00000000d5580000,0x00000000d6180000,0x00000000d6180000)
  from space 2560K, 96% used [0x00000000d6180000,0x00000000d63e6908,0x00000000d6400000)
  to   space 3072K, 0% used [0x00000000d6480000,0x00000000d6480000,0x00000000d6780000)
 ParOldGen       total 139264K, used 138810K [0x0000000080000000, 0x0000000088800000, 0x00000000d5580000)
  object space 139264K, 99% used [0x0000000080000000,0x000000008878e9f0,0x0000000088800000)
 Metaspace       used 67565K, committed 69184K, reserved 1114112K
  class space    used 7033K, committed 7744K, reserved 1048576K
}
Event: 13.676 GC heap after
{Heap after GC invocations=205 (full 3):
 PSYoungGen      total 15360K, used 2580K [0x00000000d5580000, 0x00000000d6780000, 0x0000000100000000)
  eden space 12288K, 0% used [0x00000000d5580000,0x00000000d5580000,0x00000000d6180000)
  from space 3072K, 84% used [0x00000000d6480000,0x00000000d67052f8,0x00000000d6780000)
  to   space 3072K, 0% used [0x00000000d6180000,0x00000000d6180000,0x00000000d6480000)
 ParOldGen       total 141312K, used 141056K [0x0000000080000000, 0x0000000088a00000, 0x00000000d5580000)
  object space 141312K, 99% used [0x0000000080000000,0x00000000889c0068,0x0000000088a00000)
 Metaspace       used 67565K, committed 69184K, reserved 1114112K
  class space    used 7033K, committed 7744K, reserved 1048576K
}
Event: 13.696 GC heap before
{Heap before GC invocations=206 (full 3):
 PSYoungGen      total 15360K, used 14868K [0x00000000d5580000, 0x00000000d6780000, 0x0000000100000000)
  eden space 12288K, 100% used [0x00000000d5580000,0x00000000d6180000,0x00000000d6180000)
  from space 3072K, 84% used [0x00000000d6480000,0x00000000d67052f8,0x00000000d6780000)
  to   space 3072K, 0% used [0x00000000d6180000,0x00000000d6180000,0x00000000d6480000)
 ParOldGen       total 141312K, used 141056K [0x0000000080000000, 0x0000000088a00000, 0x00000000d5580000)
  object space 141312K, 99% used [0x0000000080000000,0x00000000889c0068,0x0000000088a00000)
 Metaspace       used 67773K, committed 69376K, reserved 1114112K
  class space    used 7043K, committed 7744K, reserved 1048576K
}
Event: 13.698 GC heap after
{Heap after GC invocations=206 (full 3):
 PSYoungGen      total 14336K, used 1680K [0x00000000d5580000, 0x00000000d6580000, 0x0000000100000000)
  eden space 12288K, 0% used [0x00000000d5580000,0x00000000d5580000,0x00000000d6180000)
  from space 2048K, 82% used [0x00000000d6180000,0x00000000d6324010,0x00000000d6380000)
  to   space 2048K, 0% used [0x00000000d6380000,0x00000000d6380000,0x00000000d6580000)
 ParOldGen       total 143872K, used 143488K [0x0000000080000000, 0x0000000088c80000, 0x00000000d5580000)
  object space 143872K, 99% used [0x0000000080000000,0x0000000088c20110,0x0000000088c80000)
 Metaspace       used 67773K, committed 69376K, reserved 1114112K
  class space    used 7043K, committed 7744K, reserved 1048576K
}
Event: 13.718 GC heap before
{Heap before GC invocations=207 (full 3):
 PSYoungGen      total 14336K, used 13968K [0x00000000d5580000, 0x00000000d6580000, 0x0000000100000000)
  eden space 12288K, 100% used [0x00000000d5580000,0x00000000d6180000,0x00000000d6180000)
  from space 2048K, 82% used [0x00000000d6180000,0x00000000d6324010,0x00000000d6380000)
  to   space 2048K, 0% used [0x00000000d6380000,0x00000000d6380000,0x00000000d6580000)
 ParOldGen       total 143872K, used 143488K [0x0000000080000000, 0x0000000088c80000, 0x00000000d5580000)
  object space 143872K, 99% used [0x0000000080000000,0x0000000088c20110,0x0000000088c80000)
 Metaspace       used 67994K, committed 69632K, reserved 1114112K
  class space    used 7063K, committed 7808K, reserved 1048576K
}
Event: 13.719 GC heap after
{Heap after GC invocations=207 (full 3):
 PSYoungGen      total 13824K, used 1120K [0x00000000d5580000, 0x00000000d6500000, 0x0000000100000000)
  eden space 12288K, 0% used [0x00000000d5580000,0x00000000d5580000,0x00000000d6180000)
  from space 1536K, 72% used [0x00000000d6380000,0x00000000d6498000,0x00000000d6500000)
  to   space 1536K, 0% used [0x00000000d6200000,0x00000000d6200000,0x00000000d6380000)
 ParOldGen       total 145408K, used 144993K [0x0000000080000000, 0x0000000088e00000, 0x00000000d5580000)
  object space 145408K, 99% used [0x0000000080000000,0x0000000088d98778,0x0000000088e00000)
 Metaspace       used 67994K, committed 69632K, reserved 1114112K
  class space    used 7063K, committed 7808K, reserved 1048576K
}
Event: 13.736 GC heap before
{Heap before GC invocations=208 (full 3):
 PSYoungGen      total 13824K, used 13408K [0x00000000d5580000, 0x00000000d6500000, 0x0000000100000000)
  eden space 12288K, 100% used [0x00000000d5580000,0x00000000d6180000,0x00000000d6180000)
  from space 1536K, 72% used [0x00000000d6380000,0x00000000d6498000,0x00000000d6500000)
  to   space 1536K, 0% used [0x00000000d6200000,0x00000000d6200000,0x00000000d6380000)
 ParOldGen       total 145408K, used 144993K [0x0000000080000000, 0x0000000088e00000, 0x00000000d5580000)
  object space 145408K, 99% used [0x0000000080000000,0x0000000088d98778,0x0000000088e00000)
 Metaspace       used 68320K, committed 69952K, reserved 1114112K
  class space    used 7087K, committed 7808K, reserved 1048576K
}
Event: 13.737 GC heap after
{Heap after GC invocations=208 (full 3):
 PSYoungGen      total 13824K, used 1104K [0x00000000d5580000, 0x00000000d6480000, 0x0000000100000000)
  eden space 12288K, 0% used [0x00000000d5580000,0x00000000d5580000,0x00000000d6180000)
  from space 1536K, 71% used [0x00000000d6200000,0x00000000d6314030,0x00000000d6380000)
  to   space 1024K, 0% used [0x00000000d6380000,0x00000000d6380000,0x00000000d6480000)
 ParOldGen       total 145920K, used 145855K [0x0000000080000000, 0x0000000088e80000, 0x00000000d5580000)
  object space 145920K, 99% used [0x0000000080000000,0x0000000088e6fd48,0x0000000088e80000)
 Metaspace       used 68320K, committed 69952K, reserved 1114112K
  class space    used 7087K, committed 7808K, reserved 1048576K
}
Event: 13.758 GC heap before
{Heap before GC invocations=209 (full 3):
 PSYoungGen      total 13824K, used 13392K [0x00000000d5580000, 0x00000000d6480000, 0x0000000100000000)
  eden space 12288K, 100% used [0x00000000d5580000,0x00000000d6180000,0x00000000d6180000)
  from space 1536K, 71% used [0x00000000d6200000,0x00000000d6314030,0x00000000d6380000)
  to   space 1024K, 0% used [0x00000000d6380000,0x00000000d6380000,0x00000000d6480000)
 ParOldGen       total 145920K, used 145855K [0x0000000080000000, 0x0000000088e80000, 0x00000000d5580000)
  object space 145920K, 99% used [0x0000000080000000,0x0000000088e6fd48,0x0000000088e80000)
 Metaspace       used 68532K, committed 70144K, reserved 1114112K
  class space    used 7098K, committed 7808K, reserved 1048576K
}
Event: 13.760 GC heap after
{Heap after GC invocations=209 (full 3):
 PSYoungGen      total 12288K, used 1024K [0x00000000d5580000, 0x00000000d6780000, 0x0000000100000000)
  eden space 11264K, 0% used [0x00000000d5580000,0x00000000d5580000,0x00000000d6080000)
  from space 1024K, 100% used [0x00000000d6380000,0x00000000d6480000,0x00000000d6480000)
  to   space 3072K, 0% used [0x00000000d6080000,0x00000000d6080000,0x00000000d6380000)
 ParOldGen       total 147456K, used 147365K [0x0000000080000000, 0x0000000089000000, 0x00000000d5580000)
  object space 147456K, 99% used [0x0000000080000000,0x0000000088fe9758,0x0000000089000000)
 Metaspace       used 68532K, committed 70144K, reserved 1114112K
  class space    used 7098K, committed 7808K, reserved 1048576K
}
Event: 13.797 GC heap before
{Heap before GC invocations=210 (full 3):
 PSYoungGen      total 12288K, used 12288K [0x00000000d5580000, 0x00000000d6780000, 0x0000000100000000)
  eden space 11264K, 100% used [0x00000000d5580000,0x00000000d6080000,0x00000000d6080000)
  from space 1024K, 100% used [0x00000000d6380000,0x00000000d6480000,0x00000000d6480000)
  to   space 3072K, 0% used [0x00000000d6080000,0x00000000d6080000,0x00000000d6380000)
 ParOldGen       total 147456K, used 147365K [0x0000000080000000, 0x0000000089000000, 0x00000000d5580000)
  object space 147456K, 99% used [0x0000000080000000,0x0000000088fe9758,0x0000000089000000)
 Metaspace       used 69143K, committed 70784K, reserved 1114112K
  class space    used 7132K, committed 7872K, reserved 1048576K
}
Event: 13.799 GC heap after
{Heap after GC invocations=210 (full 3):
 PSYoungGen      total 13312K, used 1732K [0x00000000d5580000, 0x00000000d6480000, 0x0000000100000000)
  eden space 11264K, 0% used [0x00000000d5580000,0x00000000d5580000,0x00000000d6080000)
  from space 2048K, 84% used [0x00000000d6080000,0x00000000d6231210,0x00000000d6280000)
  to   space 2048K, 0% used [0x00000000d6280000,0x00000000d6280000,0x00000000d6480000)
 ParOldGen       total 148480K, used 148411K [0x0000000080000000, 0x0000000089100000, 0x00000000d5580000)
  object space 148480K, 99% used [0x0000000080000000,0x00000000890eec90,0x0000000089100000)
 Metaspace       used 69143K, committed 70784K, reserved 1114112K
  class space    used 7132K, committed 7872K, reserved 1048576K
}
Event: 13.845 GC heap before
{Heap before GC invocations=211 (full 3):
 PSYoungGen      total 13312K, used 12996K [0x00000000d5580000, 0x00000000d6480000, 0x0000000100000000)
  eden space 11264K, 100% used [0x00000000d5580000,0x00000000d6080000,0x00000000d6080000)
  from space 2048K, 84% used [0x00000000d6080000,0x00000000d6231210,0x00000000d6280000)
  to   space 2048K, 0% used [0x00000000d6280000,0x00000000d6280000,0x00000000d6480000)
 ParOldGen       total 148480K, used 148411K [0x0000000080000000, 0x0000000089100000, 0x00000000d5580000)
  object space 148480K, 99% used [0x0000000080000000,0x00000000890eec90,0x0000000089100000)
 Metaspace       used 69192K, committed 70784K, reserved 1114112K
  class space    used 7139K, committed 7872K, reserved 1048576K
}
Event: 13.847 GC heap after
{Heap after GC invocations=211 (full 3):
 PSYoungGen      total 13312K, used 1639K [0x00000000d5580000, 0x00000000d6480000, 0x0000000100000000)
  eden space 11264K, 0% used [0x00000000d5580000,0x00000000d5580000,0x00000000d6080000)
  from space 2048K, 80% used [0x00000000d6280000,0x00000000d6419f40,0x00000000d6480000)
  to   space 2048K, 0% used [0x00000000d6080000,0x00000000d6080000,0x00000000d6280000)
 ParOldGen       total 150016K, used 149565K [0x0000000080000000, 0x0000000089280000, 0x00000000d5580000)
  object space 150016K, 99% used [0x0000000080000000,0x000000008920f4c0,0x0000000089280000)
 Metaspace       used 69192K, committed 70784K, reserved 1114112K
  class space    used 7139K, committed 7872K, reserved 1048576K
}
Event: 13.884 GC heap before
{Heap before GC invocations=212 (full 3):
 PSYoungGen      total 13312K, used 12895K [0x00000000d5580000, 0x00000000d6480000, 0x0000000100000000)
  eden space 11264K, 99% used [0x00000000d5580000,0x00000000d607ddb8,0x00000000d6080000)
  from space 2048K, 80% used [0x00000000d6280000,0x00000000d6419f40,0x00000000d6480000)
  to   space 2048K, 0% used [0x00000000d6080000,0x00000000d6080000,0x00000000d6280000)
 ParOldGen       total 150016K, used 149565K [0x0000000080000000, 0x0000000089280000, 0x00000000d5580000)
  object space 150016K, 99% used [0x0000000080000000,0x000000008920f4c0,0x0000000089280000)
 Metaspace       used 69616K, committed 71232K, reserved 1114112K
  class space    used 7176K, committed 7872K, reserved 1048576K
}

