# JRE version: OpenJDK Runtime Environment Temurin-21.0.10+7 (21.0.10+7) (build 21.0.10+7-LTS)
# Java VM: OpenJDK 64-Bit Server VM Temurin-21.0.10+7 (21.0.10+7-LTS, mixed mode, sharing, tiered, compressed oops, compressed class ptrs, parallel gc, windows-amd64)
GC Precious Log:
 CardTable entry size: 512
 CPUs: 16 total, 16 available
 Memory: 7971M
 Large Page Support: Disabled
 NUMA Support: Disabled
 Compressed Oops: Enabled (32-bit)
 Alignments: Space 512K, Generation 512K, Heap 2M
 Heap Min Capacity: 100M
 Heap Initial Capacity: 100M
 Heap Max Capacity: 2G
 Pre-touch: Disabled
 Parallel Workers: 13
Heap:
 PSYoungGen      total 16896K, used 14887K [0x00000000d5580000, 0x00000000d6980000, 0x0000000100000000)
  eden space 15360K, 89% used [0x00000000d5580000,0x00000000d62f0cd8,0x00000000d6480000)
  from space 1536K, 73% used [0x00000000d6800000,0x00000000d6919210,0x00000000d6980000)
  to   space 1536K, 0% used [0x00000000d6680000,0x00000000d6680000,0x00000000d6800000)
 ParOldGen       total 168960K, used 168654K [0x0000000080000000, 0x000000008a500000, 0x00000000d5580000)
  object space 168960K, 99% used [0x0000000080000000,0x000000008a4b3be8,0x000000008a500000)
 Metaspace       used 70966K, committed 72512K, reserved 1114112K
  class space    used 7191K, committed 7872K, reserved 1048576K
GC Heap History (20 events):
Event: 12.636 GC heap before
{Heap before GC invocations=200 (full 3):
 PSYoungGen      total 16384K, used 16384K [0x00000000d5580000, 0x00000000d6c00000, 0x0000000100000000)
  eden space 15360K, 100% used [0x00000000d5580000,0x00000000d6480000,0x00000000d6480000)
  from space 1024K, 100% used [0x00000000d6b00000,0x00000000d6c00000,0x00000000d6c00000)
  to   space 3584K, 0% used [0x00000000d6500000,0x00000000d6500000,0x00000000d6880000)
 ParOldGen       total 154624K, used 154560K [0x0000000080000000, 0x0000000089700000, 0x00000000d5580000)
  object space 154624K, 99% used [0x0000000080000000,0x00000000896f03e8,0x0000000089700000)
 Metaspace       used 69662K, committed 71296K, reserved 1114112K
  class space    used 7117K, committed 7808K, reserved 1048576K
}
Event: 12.639 GC heap after
{Heap after GC invocations=200 (full 3):
 PSYoungGen      total 18944K, used 1888K [0x00000000d5580000, 0x00000000d6b80000, 0x0000000100000000)
  eden space 15360K, 0% used [0x00000000d5580000,0x00000000d5580000,0x00000000d6480000)
  from space 3584K, 52% used [0x00000000d6500000,0x00000000d66d8000,0x00000000d6880000)
  to   space 2560K, 0% used [0x00000000d6900000,0x00000000d6900000,0x00000000d6b80000)
 ParOldGen       total 155648K, used 155640K [0x0000000080000000, 0x0000000089800000, 0x00000000d5580000)
  object space 155648K, 99% used [0x0000000080000000,0x00000000897fe2e0,0x0000000089800000)
 Metaspace       used 69662K, committed 71296K, reserved 1114112K
  class space    used 7117K, committed 7808K, reserved 1048576K
}
Event: 12.668 GC heap before
{Heap before GC invocations=201 (full 3):
 PSYoungGen      total 18944K, used 17248K [0x00000000d5580000, 0x00000000d6b80000, 0x0000000100000000)
  eden space 15360K, 100% used [0x00000000d5580000,0x00000000d6480000,0x00000000d6480000)
  from space 3584K, 52% used [0x00000000d6500000,0x00000000d66d8000,0x00000000d6880000)
  to   space 2560K, 0% used [0x00000000d6900000,0x00000000d6900000,0x00000000d6b80000)
 ParOldGen       total 155648K, used 155640K [0x0000000080000000, 0x0000000089800000, 0x00000000d5580000)
  object space 155648K, 99% used [0x0000000080000000,0x00000000897fe2e0,0x0000000089800000)
 Metaspace       used 69697K, committed 71296K, reserved 1114112K
  class space    used 7119K, committed 7808K, reserved 1048576K
}
Event: 12.671 GC heap after
{Heap after GC invocations=201 (full 3):
 PSYoungGen      total 16896K, used 1296K [0x00000000d5580000, 0x00000000d6a80000, 0x0000000100000000)
  eden space 15360K, 0% used [0x00000000d5580000,0x00000000d5580000,0x00000000d6480000)
  from space 1536K, 84% used [0x00000000d6900000,0x00000000d6a44010,0x00000000d6a80000)
  to   space 2048K, 0% used [0x00000000d6680000,0x00000000d6680000,0x00000000d6880000)
 ParOldGen       total 157696K, used 157364K [0x0000000080000000, 0x0000000089a00000, 0x00000000d5580000)
  object space 157696K, 99% used [0x0000000080000000,0x00000000899ad3f0,0x0000000089a00000)
 Metaspace       used 69697K, committed 71296K, reserved 1114112K
  class space    used 7119K, committed 7808K, reserved 1048576K
}
Event: 12.712 GC heap before
{Heap before GC invocations=202 (full 3):
 PSYoungGen      total 16896K, used 16656K [0x00000000d5580000, 0x00000000d6a80000, 0x0000000100000000)
  eden space 15360K, 100% used [0x00000000d5580000,0x00000000d6480000,0x00000000d6480000)
  from space 1536K, 84% used [0x00000000d6900000,0x00000000d6a44010,0x00000000d6a80000)
  to   space 2048K, 0% used [0x00000000d6680000,0x00000000d6680000,0x00000000d6880000)
 ParOldGen       total 157696K, used 157364K [0x0000000080000000, 0x0000000089a00000, 0x00000000d5580000)
  object space 157696K, 99% used [0x0000000080000000,0x00000000899ad3f0,0x0000000089a00000)
 Metaspace       used 69860K, committed 71488K, reserved 1114112K
  class space    used 7119K, committed 7808K, reserved 1048576K
}
Event: 12.715 GC heap after
{Heap after GC invocations=202 (full 3):
 PSYoungGen      total 17408K, used 1600K [0x00000000d5580000, 0x00000000d6980000, 0x0000000100000000)
  eden space 15360K, 0% used [0x00000000d5580000,0x00000000d5580000,0x00000000d6480000)
  from space 2048K, 78% used [0x00000000d6680000,0x00000000d6810020,0x00000000d6880000)
  to   space 1024K, 0% used [0x00000000d6880000,0x00000000d6880000,0x00000000d6980000)
 ParOldGen       total 158720K, used 158421K [0x0000000080000000, 0x0000000089b00000, 0x00000000d5580000)
  object space 158720K, 99% used [0x0000000080000000,0x0000000089ab56a8,0x0000000089b00000)
 Metaspace       used 69860K, committed 71488K, reserved 1114112K
  class space    used 7119K, committed 7808K, reserved 1048576K
}
Event: 12.779 GC heap before
{Heap before GC invocations=203 (full 3):
 PSYoungGen      total 17408K, used 16960K [0x00000000d5580000, 0x00000000d6980000, 0x0000000100000000)
  eden space 15360K, 100% used [0x00000000d5580000,0x00000000d6480000,0x00000000d6480000)
  from space 2048K, 78% used [0x00000000d6680000,0x00000000d6810020,0x00000000d6880000)
  to   space 1024K, 0% used [0x00000000d6880000,0x00000000d6880000,0x00000000d6980000)
 ParOldGen       total 158720K, used 158421K [0x0000000080000000, 0x0000000089b00000, 0x00000000d5580000)
  object space 158720K, 99% used [0x0000000080000000,0x0000000089ab56a8,0x0000000089b00000)
 Metaspace       used 70054K, committed 71680K, reserved 1114112K
  class space    used 7126K, committed 7808K, reserved 1048576K
}
Event: 12.782 GC heap after
{Heap after GC invocations=203 (full 3):
 PSYoungGen      total 16384K, used 1024K [0x00000000d5580000, 0x00000000d6c80000, 0x0000000100000000)
  eden space 15360K, 0% used [0x00000000d5580000,0x00000000d5580000,0x00000000d6480000)
  from space 1024K, 100% used [0x00000000d6880000,0x00000000d6980000,0x00000000d6980000)
  to   space 4096K, 0% used [0x00000000d6480000,0x00000000d6480000,0x00000000d6880000)
 ParOldGen       total 161280K, used 160908K [0x0000000080000000, 0x0000000089d80000, 0x00000000d5580000)
  object space 161280K, 99% used [0x0000000080000000,0x0000000089d23138,0x0000000089d80000)
 Metaspace       used 70054K, committed 71680K, reserved 1114112K
  class space    used 7126K, committed 7808K, reserved 1048576K
}
Event: 12.820 GC heap before
{Heap before GC invocations=204 (full 3):
 PSYoungGen      total 16384K, used 16384K [0x00000000d5580000, 0x00000000d6c80000, 0x0000000100000000)
  eden space 15360K, 100% used [0x00000000d5580000,0x00000000d6480000,0x00000000d6480000)
  from space 1024K, 100% used [0x00000000d6880000,0x00000000d6980000,0x00000000d6980000)
  to   space 4096K, 0% used [0x00000000d6480000,0x00000000d6480000,0x00000000d6880000)
 ParOldGen       total 161280K, used 160908K [0x0000000080000000, 0x0000000089d80000, 0x00000000d5580000)
  object space 161280K, 99% used [0x0000000080000000,0x0000000089d23138,0x0000000089d80000)
 Metaspace       used 70070K, committed 71680K, reserved 1114112K
  class space    used 7126K, committed 7808K, reserved 1048576K
}
Event: 12.821 GC heap after
{Heap after GC invocations=204 (full 3):
 PSYoungGen      total 17408K, used 1860K [0x00000000d5580000, 0x00000000d6980000, 0x0000000100000000)
  eden space 15360K, 0% used [0x00000000d5580000,0x00000000d5580000,0x00000000d6480000)
  from space 2048K, 90% used [0x00000000d6480000,0x00000000d6651210,0x00000000d6680000)
  to   space 2560K, 0% used [0x00000000d6700000,0x00000000d6700000,0x00000000d6980000)
 ParOldGen       total 162304K, used 161961K [0x0000000080000000, 0x0000000089e80000, 0x00000000d5580000)
  object space 162304K, 99% used [0x0000000080000000,0x0000000089e2a428,0x0000000089e80000)
 Metaspace       used 70070K, committed 71680K, reserved 1114112K
  class space    used 7126K, committed 7808K, reserved 1048576K
}
Event: 12.869 GC heap before
{Heap before GC invocations=205 (full 3):
 PSYoungGen      total 17408K, used 17220K [0x00000000d5580000, 0x00000000d6980000, 0x0000000100000000)
  eden space 15360K, 100% used [0x00000000d5580000,0x00000000d6480000,0x00000000d6480000)
  from space 2048K, 90% used [0x00000000d6480000,0x00000000d6651210,0x00000000d6680000)
  to   space 2560K, 0% used [0x00000000d6700000,0x00000000d6700000,0x00000000d6980000)
 ParOldGen       total 162304K, used 161961K [0x0000000080000000, 0x0000000089e80000, 0x00000000d5580000)
  object space 162304K, 99% used [0x0000000080000000,0x0000000089e2a428,0x0000000089e80000)
 Metaspace       used 70078K, committed 71680K, reserved 1114112K
  class space    used 7126K, committed 7808K, reserved 1048576K
}
Event: 12.872 GC heap after
{Heap after GC invocations=205 (full 3):
 PSYoungGen      total 17408K, used 1965K [0x00000000d5580000, 0x00000000d6900000, 0x0000000100000000)
  eden space 15360K, 0% used [0x00000000d5580000,0x00000000d5580000,0x00000000d6480000)
  from space 2048K, 95% used [0x00000000d6700000,0x00000000d68eb5f0,0x00000000d6900000)
  to   space 2048K, 0% used [0x00000000d6480000,0x00000000d6480000,0x00000000d6680000)
 ParOldGen       total 163840K, used 163653K [0x0000000080000000, 0x000000008a000000, 0x00000000d5580000)
  object space 163840K, 99% used [0x0000000080000000,0x0000000089fd16e8,0x000000008a000000)
 Metaspace       used 70078K, committed 71680K, reserved 1114112K
  class space    used 7126K, committed 7808K, reserved 1048576K
}
Event: 12.935 GC heap before
{Heap before GC invocations=206 (full 3):
 PSYoungGen      total 17408K, used 17325K [0x00000000d5580000, 0x00000000d6900000, 0x0000000100000000)
  eden space 15360K, 100% used [0x00000000d5580000,0x00000000d6480000,0x00000000d6480000)
  from space 2048K, 95% used [0x00000000d6700000,0x00000000d68eb5f0,0x00000000d6900000)
  to   space 2048K, 0% used [0x00000000d6480000,0x00000000d6480000,0x00000000d6680000)
 ParOldGen       total 163840K, used 163653K [0x0000000080000000, 0x000000008a000000, 0x00000000d5580000)
  object space 163840K, 99% used [0x0000000080000000,0x0000000089fd16e8,0x000000008a000000)
 Metaspace       used 70123K, committed 71744K, reserved 1114112K
  class space    used 7127K, committed 7808K, reserved 1048576K
}
Event: 12.937 GC heap after
{Heap after GC invocations=206 (full 3):
 PSYoungGen      total 17408K, used 2046K [0x00000000d5580000, 0x00000000d6d80000, 0x0000000100000000)
  eden space 15360K, 0% used [0x00000000d5580000,0x00000000d5580000,0x00000000d6480000)
  from space 2048K, 99% used [0x00000000d6480000,0x00000000d667fb48,0x00000000d6680000)
  to   space 4608K, 0% used [0x00000000d6900000,0x00000000d6900000,0x00000000d6d80000)
 ParOldGen       total 165888K, used 165686K [0x0000000080000000, 0x000000008a200000, 0x00000000d5580000)
  object space 165888K, 99% used [0x0000000080000000,0x000000008a1cd9f8,0x000000008a200000)
 Metaspace       used 70123K, committed 71744K, reserved 1114112K
  class space    used 7127K, committed 7808K, reserved 1048576K
}
Event: 13.006 GC heap before
{Heap before GC invocations=207 (full 3):
 PSYoungGen      total 17408K, used 17406K [0x00000000d5580000, 0x00000000d6d80000, 0x0000000100000000)
  eden space 15360K, 100% used [0x00000000d5580000,0x00000000d6480000,0x00000000d6480000)
  from space 2048K, 99% used [0x00000000d6480000,0x00000000d667fb48,0x00000000d6680000)
  to   space 4608K, 0% used [0x00000000d6900000,0x00000000d6900000,0x00000000d6d80000)
 ParOldGen       total 165888K, used 165686K [0x0000000080000000, 0x000000008a200000, 0x00000000d5580000)
  object space 165888K, 99% used [0x0000000080000000,0x000000008a1cd9f8,0x000000008a200000)
 Metaspace       used 70450K, committed 72064K, reserved 1114112K
  class space    used 7165K, committed 7872K, reserved 1048576K
}
Event: 13.008 GC heap after
{Heap after GC invocations=207 (full 3):
 PSYoungGen      total 17920K, used 2051K [0x00000000d5580000, 0x00000000d6b80000, 0x0000000100000000)
  eden space 15360K, 0% used [0x00000000d5580000,0x00000000d5580000,0x00000000d6480000)
  from space 2560K, 80% used [0x00000000d6900000,0x00000000d6b00de0,0x00000000d6b80000)
  to   space 3072K, 0% used [0x00000000d6580000,0x00000000d6580000,0x00000000d6880000)
 ParOldGen       total 167424K, used 167030K [0x0000000080000000, 0x000000008a380000, 0x00000000d5580000)
  object space 167424K, 99% used [0x0000000080000000,0x000000008a31dbe8,0x000000008a380000)
 Metaspace       used 70450K, committed 72064K, reserved 1114112K
  class space    used 7165K, committed 7872K, reserved 1048576K
}
Event: 13.055 GC heap before
{Heap before GC invocations=208 (full 3):
 PSYoungGen      total 17920K, used 17411K [0x00000000d5580000, 0x00000000d6b80000, 0x0000000100000000)
  eden space 15360K, 100% used [0x00000000d5580000,0x00000000d6480000,0x00000000d6480000)
  from space 2560K, 80% used [0x00000000d6900000,0x00000000d6b00de0,0x00000000d6b80000)
  to   space 3072K, 0% used [0x00000000d6580000,0x00000000d6580000,0x00000000d6880000)
 ParOldGen       total 167424K, used 167030K [0x0000000080000000, 0x000000008a380000, 0x00000000d5580000)
  object space 167424K, 99% used [0x0000000080000000,0x000000008a31dbe8,0x000000008a380000)
 Metaspace       used 70746K, committed 72320K, reserved 1114112K
  class space    used 7186K, committed 7872K, reserved 1048576K
}
Event: 13.056 GC heap after
{Heap after GC invocations=208 (full 3):
 PSYoungGen      total 16384K, used 596K [0x00000000d5580000, 0x00000000d6980000, 0x0000000100000000)
  eden space 15360K, 0% used [0x00000000d5580000,0x00000000d5580000,0x00000000d6480000)
  from space 1024K, 58% used [0x00000000d6580000,0x00000000d6615200,0x00000000d6680000)
  to   space 1536K, 0% used [0x00000000d6800000,0x00000000d6800000,0x00000000d6980000)
 ParOldGen       total 168448K, used 168292K [0x0000000080000000, 0x000000008a480000, 0x00000000d5580000)
  object space 168448K, 99% used [0x0000000080000000,0x000000008a4590d0,0x000000008a480000)
 Metaspace       used 70746K, committed 72320K, reserved 1114112K
  class space    used 7186K, committed 7872K, reserved 1048576K
}
Event: 13.158 GC heap before
{Heap before GC invocations=209 (full 3):
 PSYoungGen      total 16384K, used 15956K [0x00000000d5580000, 0x00000000d6980000, 0x0000000100000000)
  eden space 15360K, 100% used [0x00000000d5580000,0x00000000d6480000,0x00000000d6480000)
  from space 1024K, 58% used [0x00000000d6580000,0x00000000d6615200,0x00000000d6680000)
  to   space 1536K, 0% used [0x00000000d6800000,0x00000000d6800000,0x00000000d6980000)
 ParOldGen       total 168448K, used 168292K [0x0000000080000000, 0x000000008a480000, 0x00000000d5580000)
  object space 168448K, 99% used [0x0000000080000000,0x000000008a4590d0,0x000000008a480000)
 Metaspace       used 70923K, committed 72448K, reserved 1114112K
  class space    used 7191K, committed 7872K, reserved 1048576K
}
Event: 13.159 GC heap after
{Heap after GC invocations=209 (full 3):
 PSYoungGen      total 16896K, used 1124K [0x00000000d5580000, 0x00000000d6980000, 0x0000000100000000)
  eden space 15360K, 0% used [0x00000000d5580000,0x00000000d5580000,0x00000000d6480000)
  from space 1536K, 73% used [0x00000000d6800000,0x00000000d6919210,0x00000000d6980000)
  to   space 1536K, 0% used [0x00000000d6680000,0x00000000d6680000,0x00000000d6800000)
 ParOldGen       total 168960K, used 168654K [0x0000000080000000, 0x000000008a500000, 0x00000000d5580000)
  object space 168960K, 99% used [0x0000000080000000,0x000000008a4b3be8,0x000000008a500000)
 Metaspace       used 70923K, committed 72448K, reserved 1114112K
  class space    used 7191K, committed 7872K, reserved 1048576K
}

