# JRE version: OpenJDK Runtime Environment Temurin-21.0.10+7 (21.0.10+7) (build 21.0.10+7-LTS)
# Java VM: OpenJDK 64-Bit Server VM Temurin-21.0.10+7 (21.0.10+7-LTS, mixed mode, sharing, tiered, compressed oops, compressed class ptrs, parallel gc, windows-amd64)
GC Precious Log:
 CardTable entry size: 512
 CPUs: 16 total, 16 available
 Memory: 7971M
 Large Page Support: Disabled
 NUMA Support: Disabled
 Compressed Oops: Enabled (32-bit)
 Alignments: Space 512K, Generation 512K, Heap 2M
 Heap Min Capacity: 100M
 Heap Initial Capacity: 100M
 Heap Max Capacity: 2G
 Pre-touch: Disabled
 Parallel Workers: 13
Heap:
 PSYoungGen      total 10752K, used 2639K [0x00000000d5580000, 0x00000000d6200000, 0x0000000100000000)
  eden space 9728K, 16% used [0x00000000d5580000,0x00000000d571bd38,0x00000000d5f00000)
  from space 1024K, 96% used [0x00000000d5f80000,0x00000000d6078030,0x00000000d6080000)
  to   space 1536K, 0% used [0x00000000d6080000,0x00000000d6080000,0x00000000d6200000)
 ParOldGen       total 169472K, used 169432K [0x0000000080000000, 0x000000008a580000, 0x00000000d5580000)
  object space 169472K, 99% used [0x0000000080000000,0x000000008a576350,0x000000008a580000)
 Metaspace       used 71134K, committed 72640K, reserved 1114112K
  class space    used 7178K, committed 7872K, reserved 1048576K
GC Heap History (20 events):
Event: 22.437 GC heap before
{Heap before GC invocations=219 (full 3):
 PSYoungGen      total 11264K, used 11028K [0x00000000d5580000, 0x00000000d6300000, 0x0000000100000000)
  eden space 9728K, 100% used [0x00000000d5580000,0x00000000d5f00000,0x00000000d5f00000)
  from space 1536K, 84% used [0x00000000d5f00000,0x00000000d6045200,0x00000000d6080000)
  to   space 2048K, 0% used [0x00000000d6100000,0x00000000d6100000,0x00000000d6300000)
 ParOldGen       total 162304K, used 161966K [0x0000000080000000, 0x0000000089e80000, 0x00000000d5580000)
  object space 162304K, 99% used [0x0000000080000000,0x0000000089e2bbb8,0x0000000089e80000)
 Metaspace       used 70092K, committed 71680K, reserved 1114112K
  class space    used 7110K, committed 7808K, reserved 1048576K
}
Event: 22.439 GC heap after
{Heap after GC invocations=219 (full 3):
 PSYoungGen      total 11264K, used 1188K [0x00000000d5580000, 0x00000000d6280000, 0x0000000100000000)
  eden space 9728K, 0% used [0x00000000d5580000,0x00000000d5580000,0x00000000d5f00000)
  from space 1536K, 77% used [0x00000000d6100000,0x00000000d6229210,0x00000000d6280000)
  to   space 1536K, 0% used [0x00000000d5f00000,0x00000000d5f00000,0x00000000d6080000)
 ParOldGen       total 163328K, used 162949K [0x0000000080000000, 0x0000000089f80000, 0x00000000d5580000)
  object space 163328K, 99% used [0x0000000080000000,0x0000000089f21628,0x0000000089f80000)
 Metaspace       used 70092K, committed 71680K, reserved 1114112K
  class space    used 7110K, committed 7808K, reserved 1048576K
}
Event: 22.489 GC heap before
{Heap before GC invocations=220 (full 3):
 PSYoungGen      total 11264K, used 10916K [0x00000000d5580000, 0x00000000d6280000, 0x0000000100000000)
  eden space 9728K, 100% used [0x00000000d5580000,0x00000000d5f00000,0x00000000d5f00000)
  from space 1536K, 77% used [0x00000000d6100000,0x00000000d6229210,0x00000000d6280000)
  to   space 1536K, 0% used [0x00000000d5f00000,0x00000000d5f00000,0x00000000d6080000)
 ParOldGen       total 163328K, used 162949K [0x0000000080000000, 0x0000000089f80000, 0x00000000d5580000)
  object space 163328K, 99% used [0x0000000080000000,0x0000000089f21628,0x0000000089f80000)
 Metaspace       used 70186K, committed 71744K, reserved 1114112K
  class space    used 7110K, committed 7808K, reserved 1048576K
}
Event: 22.491 GC heap after
{Heap after GC invocations=220 (full 3):
 PSYoungGen      total 11264K, used 1514K [0x00000000d5580000, 0x00000000d6500000, 0x0000000100000000)
  eden space 9728K, 0% used [0x00000000d5580000,0x00000000d5580000,0x00000000d5f00000)
  from space 1536K, 98% used [0x00000000d5f00000,0x00000000d607a910,0x00000000d6080000)
  to   space 3072K, 0% used [0x00000000d6200000,0x00000000d6200000,0x00000000d6500000)
 ParOldGen       total 164352K, used 163863K [0x0000000080000000, 0x000000008a080000, 0x00000000d5580000)
  object space 164352K, 99% used [0x0000000080000000,0x000000008a005f78,0x000000008a080000)
 Metaspace       used 70186K, committed 71744K, reserved 1114112K
  class space    used 7110K, committed 7808K, reserved 1048576K
}
Event: 22.522 GC heap before
{Heap before GC invocations=221 (full 3):
 PSYoungGen      total 11264K, used 11242K [0x00000000d5580000, 0x00000000d6500000, 0x0000000100000000)
  eden space 9728K, 100% used [0x00000000d5580000,0x00000000d5f00000,0x00000000d5f00000)
  from space 1536K, 98% used [0x00000000d5f00000,0x00000000d607a910,0x00000000d6080000)
  to   space 3072K, 0% used [0x00000000d6200000,0x00000000d6200000,0x00000000d6500000)
 ParOldGen       total 164352K, used 163863K [0x0000000080000000, 0x000000008a080000, 0x00000000d5580000)
  object space 164352K, 99% used [0x0000000080000000,0x000000008a005f78,0x000000008a080000)
 Metaspace       used 70208K, committed 71808K, reserved 1114112K
  class space    used 7110K, committed 7808K, reserved 1048576K
}
Event: 22.524 GC heap after
{Heap after GC invocations=221 (full 3):
 PSYoungGen      total 11264K, used 1235K [0x00000000d5580000, 0x00000000d6380000, 0x0000000100000000)
  eden space 9728K, 0% used [0x00000000d5580000,0x00000000d5580000,0x00000000d5f00000)
  from space 1536K, 80% used [0x00000000d6200000,0x00000000d6334df8,0x00000000d6380000)
  to   space 2048K, 0% used [0x00000000d5f80000,0x00000000d5f80000,0x00000000d6180000)
 ParOldGen       total 165376K, used 165057K [0x0000000080000000, 0x000000008a180000, 0x00000000d5580000)
  object space 165376K, 99% used [0x0000000080000000,0x000000008a130680,0x000000008a180000)
 Metaspace       used 70208K, committed 71808K, reserved 1114112K
  class space    used 7110K, committed 7808K, reserved 1048576K
}
Event: 22.560 GC heap before
{Heap before GC invocations=222 (full 3):
 PSYoungGen      total 11264K, used 10963K [0x00000000d5580000, 0x00000000d6380000, 0x0000000100000000)
  eden space 9728K, 100% used [0x00000000d5580000,0x00000000d5f00000,0x00000000d5f00000)
  from space 1536K, 80% used [0x00000000d6200000,0x00000000d6334df8,0x00000000d6380000)
  to   space 2048K, 0% used [0x00000000d5f80000,0x00000000d5f80000,0x00000000d6180000)
 ParOldGen       total 165376K, used 165057K [0x0000000080000000, 0x000000008a180000, 0x00000000d5580000)
  object space 165376K, 99% used [0x0000000080000000,0x000000008a130680,0x000000008a180000)
 Metaspace       used 70222K, committed 71808K, reserved 1114112K
  class space    used 7110K, committed 7808K, reserved 1048576K
}
Event: 22.561 GC heap after
{Heap after GC invocations=222 (full 3):
 PSYoungGen      total 11776K, used 448K [0x00000000d5580000, 0x00000000d6280000, 0x0000000100000000)
  eden space 9728K, 0% used [0x00000000d5580000,0x00000000d5580000,0x00000000d5f00000)
  from space 2048K, 21% used [0x00000000d5f80000,0x00000000d5ff0000,0x00000000d6180000)
  to   space 1024K, 0% used [0x00000000d6180000,0x00000000d6180000,0x00000000d6280000)
 ParOldGen       total 165888K, used 165729K [0x0000000080000000, 0x000000008a200000, 0x00000000d5580000)
  object space 165888K, 99% used [0x0000000080000000,0x000000008a1d86c0,0x000000008a200000)
 Metaspace       used 70222K, committed 71808K, reserved 1114112K
  class space    used 7110K, committed 7808K, reserved 1048576K
}
Event: 22.686 GC heap before
{Heap before GC invocations=223 (full 3):
 PSYoungGen      total 11776K, used 10173K [0x00000000d5580000, 0x00000000d6280000, 0x0000000100000000)
  eden space 9728K, 99% used [0x00000000d5580000,0x00000000d5eff540,0x00000000d5f00000)
  from space 2048K, 21% used [0x00000000d5f80000,0x00000000d5ff0000,0x00000000d6180000)
  to   space 1024K, 0% used [0x00000000d6180000,0x00000000d6180000,0x00000000d6280000)
 ParOldGen       total 165888K, used 165729K [0x0000000080000000, 0x000000008a200000, 0x00000000d5580000)
  object space 165888K, 99% used [0x0000000080000000,0x000000008a1d86c0,0x000000008a200000)
 Metaspace       used 70296K, committed 71808K, reserved 1114112K
  class space    used 7112K, committed 7808K, reserved 1048576K
}
Event: 22.687 GC heap after
{Heap after GC invocations=223 (full 3):
 PSYoungGen      total 10752K, used 704K [0x00000000d5580000, 0x00000000d6280000, 0x0000000100000000)
  eden space 9728K, 0% used [0x00000000d5580000,0x00000000d5580000,0x00000000d5f00000)
  from space 1024K, 68% used [0x00000000d6180000,0x00000000d6230000,0x00000000d6280000)
  to   space 1024K, 0% used [0x00000000d6080000,0x00000000d6080000,0x00000000d6180000)
 ParOldGen       total 166400K, used 165913K [0x0000000080000000, 0x000000008a280000, 0x00000000d5580000)
  object space 166400K, 99% used [0x0000000080000000,0x000000008a2066c0,0x000000008a280000)
 Metaspace       used 70296K, committed 71808K, reserved 1114112K
  class space    used 7112K, committed 7808K, reserved 1048576K
}
Event: 22.795 GC heap before
{Heap before GC invocations=224 (full 3):
 PSYoungGen      total 10752K, used 10422K [0x00000000d5580000, 0x00000000d6280000, 0x0000000100000000)
  eden space 9728K, 99% used [0x00000000d5580000,0x00000000d5efda90,0x00000000d5f00000)
  from space 1024K, 68% used [0x00000000d6180000,0x00000000d6230000,0x00000000d6280000)
  to   space 1024K, 0% used [0x00000000d6080000,0x00000000d6080000,0x00000000d6180000)
 ParOldGen       total 166400K, used 165913K [0x0000000080000000, 0x000000008a280000, 0x00000000d5580000)
  object space 166400K, 99% used [0x0000000080000000,0x000000008a2066c0,0x000000008a280000)
 Metaspace       used 70654K, committed 72192K, reserved 1114112K
  class space    used 7148K, committed 7872K, reserved 1048576K
}
Event: 22.797 GC heap after
{Heap after GC invocations=224 (full 3):
 PSYoungGen      total 10752K, used 943K [0x00000000d5580000, 0x00000000d6200000, 0x0000000100000000)
  eden space 9728K, 0% used [0x00000000d5580000,0x00000000d5580000,0x00000000d5f00000)
  from space 1024K, 92% used [0x00000000d6080000,0x00000000d616bcd0,0x00000000d6180000)
  to   space 512K, 0% used [0x00000000d6180000,0x00000000d6180000,0x00000000d6200000)
 ParOldGen       total 167424K, used 167325K [0x0000000080000000, 0x000000008a380000, 0x00000000d5580000)
  object space 167424K, 99% used [0x0000000080000000,0x000000008a3674e8,0x000000008a380000)
 Metaspace       used 70654K, committed 72192K, reserved 1114112K
  class space    used 7148K, committed 7872K, reserved 1048576K
}
Event: 23.086 GC heap before
{Heap before GC invocations=225 (full 3):
 PSYoungGen      total 10752K, used 10671K [0x00000000d5580000, 0x00000000d6200000, 0x0000000100000000)
  eden space 9728K, 100% used [0x00000000d5580000,0x00000000d5f00000,0x00000000d5f00000)
  from space 1024K, 92% used [0x00000000d6080000,0x00000000d616bcd0,0x00000000d6180000)
  to   space 512K, 0% used [0x00000000d6180000,0x00000000d6180000,0x00000000d6200000)
 ParOldGen       total 167424K, used 167325K [0x0000000080000000, 0x000000008a380000, 0x00000000d5580000)
  object space 167424K, 99% used [0x0000000080000000,0x000000008a3674e8,0x000000008a380000)
 Metaspace       used 70700K, committed 72256K, reserved 1114112K
  class space    used 7152K, committed 7872K, reserved 1048576K
}
Event: 23.087 GC heap after
{Heap after GC invocations=225 (full 3):
 PSYoungGen      total 10240K, used 320K [0x00000000d5580000, 0x00000000d6200000, 0x0000000100000000)
  eden space 9728K, 0% used [0x00000000d5580000,0x00000000d5580000,0x00000000d5f00000)
  from space 512K, 62% used [0x00000000d6180000,0x00000000d61d0000,0x00000000d6200000)
  to   space 1024K, 0% used [0x00000000d6000000,0x00000000d6000000,0x00000000d6100000)
 ParOldGen       total 167936K, used 167749K [0x0000000080000000, 0x000000008a400000, 0x00000000d5580000)
  object space 167936K, 99% used [0x0000000080000000,0x000000008a3d1508,0x000000008a400000)
 Metaspace       used 70700K, committed 72256K, reserved 1114112K
  class space    used 7152K, committed 7872K, reserved 1048576K
}
Event: 23.141 GC heap before
{Heap before GC invocations=226 (full 3):
 PSYoungGen      total 10240K, used 9918K [0x00000000d5580000, 0x00000000d6200000, 0x0000000100000000)
  eden space 9728K, 98% used [0x00000000d5580000,0x00000000d5edf968,0x00000000d5f00000)
  from space 512K, 62% used [0x00000000d6180000,0x00000000d61d0000,0x00000000d6200000)
  to   space 1024K, 0% used [0x00000000d6000000,0x00000000d6000000,0x00000000d6100000)
 ParOldGen       total 167936K, used 167749K [0x0000000080000000, 0x000000008a400000, 0x00000000d5580000)
  object space 167936K, 99% used [0x0000000080000000,0x000000008a3d1508,0x000000008a400000)
 Metaspace       used 70719K, committed 72256K, reserved 1114112K
  class space    used 7153K, committed 7872K, reserved 1048576K
}
Event: 23.142 GC heap after
{Heap after GC invocations=226 (full 3):
 PSYoungGen      total 10752K, used 990K [0x00000000d5580000, 0x00000000d6200000, 0x0000000100000000)
  eden space 9728K, 0% used [0x00000000d5580000,0x00000000d5580000,0x00000000d5f00000)
  from space 1024K, 96% used [0x00000000d6000000,0x00000000d60f78b8,0x00000000d6100000)
  to   space 1024K, 0% used [0x00000000d6100000,0x00000000d6100000,0x00000000d6200000)
 ParOldGen       total 168960K, used 168752K [0x0000000080000000, 0x000000008a500000, 0x00000000d5580000)
  object space 168960K, 99% used [0x0000000080000000,0x000000008a4cc330,0x000000008a500000)
 Metaspace       used 70719K, committed 72256K, reserved 1114112K
  class space    used 7153K, committed 7872K, reserved 1048576K
}
Event: 23.172 GC heap before
{Heap before GC invocations=227 (full 3):
 PSYoungGen      total 10752K, used 10718K [0x00000000d5580000, 0x00000000d6200000, 0x0000000100000000)
  eden space 9728K, 100% used [0x00000000d5580000,0x00000000d5f00000,0x00000000d5f00000)
  from space 1024K, 96% used [0x00000000d6000000,0x00000000d60f78b8,0x00000000d6100000)
  to   space 1024K, 0% used [0x00000000d6100000,0x00000000d6100000,0x00000000d6200000)
 ParOldGen       total 168960K, used 168752K [0x0000000080000000, 0x000000008a500000, 0x00000000d5580000)
  object space 168960K, 99% used [0x0000000080000000,0x000000008a4cc330,0x000000008a500000)
 Metaspace       used 70744K, committed 72320K, reserved 1114112K
  class space    used 7155K, committed 7872K, reserved 1048576K
}
Event: 23.173 GC heap after
{Heap after GC invocations=227 (full 3):
 PSYoungGen      total 10240K, used 352K [0x00000000d5580000, 0x00000000d6180000, 0x0000000100000000)
  eden space 9728K, 0% used [0x00000000d5580000,0x00000000d5580000,0x00000000d5f00000)
  from space 512K, 68% used [0x00000000d6100000,0x00000000d6158000,0x00000000d6180000)
  to   space 1024K, 0% used [0x00000000d5f80000,0x00000000d5f80000,0x00000000d6080000)
 ParOldGen       total 169472K, used 169136K [0x0000000080000000, 0x000000008a580000, 0x00000000d5580000)
  object space 169472K, 99% used [0x0000000080000000,0x000000008a52c350,0x000000008a580000)
 Metaspace       used 70744K, committed 72320K, reserved 1114112K
  class space    used 7155K, committed 7872K, reserved 1048576K
}
Event: 31.095 GC heap before
{Heap before GC invocations=228 (full 3):
 PSYoungGen      total 10240K, used 10080K [0x00000000d5580000, 0x00000000d6180000, 0x0000000100000000)
  eden space 9728K, 100% used [0x00000000d5580000,0x00000000d5f00000,0x00000000d5f00000)
  from space 512K, 68% used [0x00000000d6100000,0x00000000d6158000,0x00000000d6180000)
  to   space 1024K, 0% used [0x00000000d5f80000,0x00000000d5f80000,0x00000000d6080000)
 ParOldGen       total 169472K, used 169136K [0x0000000080000000, 0x000000008a580000, 0x00000000d5580000)
  object space 169472K, 99% used [0x0000000080000000,0x000000008a52c350,0x000000008a580000)
 Metaspace       used 70939K, committed 72512K, reserved 1114112K
  class space    used 7167K, committed 7872K, reserved 1048576K
}
Event: 31.096 GC heap after
{Heap after GC invocations=228 (full 3):
 PSYoungGen      total 10752K, used 992K [0x00000000d5580000, 0x00000000d6200000, 0x0000000100000000)
  eden space 9728K, 0% used [0x00000000d5580000,0x00000000d5580000,0x00000000d5f00000)
  from space 1024K, 96% used [0x00000000d5f80000,0x00000000d6078030,0x00000000d6080000)
  to   space 1536K, 0% used [0x00000000d6080000,0x00000000d6080000,0x00000000d6200000)
 ParOldGen       total 169472K, used 169432K [0x0000000080000000, 0x000000008a580000, 0x00000000d5580000)
  object space 169472K, 99% used [0x0000000080000000,0x000000008a576350,0x000000008a580000)
 Metaspace       used 70939K, committed 72512K, reserved 1114112K
  class space    used 7167K, committed 7872K, reserved 1048576K
}

